<?xml version="1.0" encoding="UTF-8"?>
<!-- Generated by org.testng.reporters.JUnitReportReporter -->
<testsuite skipped="0" hostname="DESKTOP-IHVAIUO" name="com.springtestNG.test.SpringBootHelloWorldTests" tests="1" failures="0" timestamp="2021-07-13T18:24:46 IST" time="2.153" errors="0">
  <testcase name="testEmployee" time="2.153" classname="com.springtestNG.test.SpringBootHelloWorldTests"/>
  <system-out/>
</testsuite> <!-- com.springtestNG.test.SpringBootHelloWorldTests -->
