<?xml version="1.0" encoding="UTF-8"?>
<!-- Generated by org.testng.reporters.JUnitReportReporter -->
<testsuite hostname="DESKTOP-IHVAIUO" name="com.springtestNG.test.SpringBootHelloWorldTests" tests="1" failures="0" timestamp="13 Jul 2021 13:34:37 GMT" time="0.412" errors="0">
  <testcase name="testEmployee" time="0.412" classname="com.springtestNG.test.SpringBootHelloWorldTests"/>
</testsuite> <!-- com.springtestNG.test.SpringBootHelloWorldTests -->
